<?xml version="1.0" encoding="UTF-8"?>
<!-- Generated by org.testng.reporters.JUnitReportReporter -->
<testsuite hostname="DESKTOP-K7PPCQV" failures="0" tests="2" name="SeleniumPackage.SimpleForm" time="68.825" errors="0" timestamp="2023-09-16T13:54:34 IST" skipped="0">
  <testcase classname="SeleniumPackage.SimpleForm" name="SimpleFormTest" time="33.454"/>
  <system-out/>
  <testcase classname="SeleniumPackage.SimpleForm" name="SimpleFormTest" time="35.371"/>
  <system-out/>
</testsuite> <!-- SeleniumPackage.SimpleForm -->
